********************************************************************************
*                     Friday, December 02, 2016 3:02:44 PM                     *
********************************************************************************
CSharpCompilerWrapper.exe version: 1.10.0.0
Platform: Windows
Target assembly: Assembly-CSharp.dll
Project directory: C:\Users\farza\Documents\Unity Projects\COMP477-WebPage
Unity 'Data' or 'Frameworks' directory: C:/Program Files/Unity/Editor/Data
Compiler: Microsoft C# 6.0

- Compilation -----------------------------------------------

Process: C:\Users\farza\Documents\Unity Projects\COMP477-WebPage\CSharp60Support\Roslyn\csc.exe
Arguments: -nostdlib+ -noconfig -nologo -r:"C:/Program Files/Unity/Editor/Data\Mono/lib/mono/2.0/mscorlib.dll" -r:"C:/Program Files/Unity/Editor/Data\Mono/lib/mono/2.0/System.dll" -r:"C:/Program Files/Unity/Editor/Data\Mono/lib/mono/2.0/System.Core.dll" -r:"C:/Program Files/Unity/Editor/Data\Mono/lib/mono/2.0/System.Xml.dll" @Temp/UnityTempFile-a6ce930d3e9dd80419dde9fdb6c31ef0
Exit code: 0
Elapsed time: 4.34 sec

- Compiler output (0 lines):

- Compiler errors (4 lines):
0: Assets\Scripts\LimbSpring.cs(10,11): warning CS0649: Field 'LimbSpring.dampingCoefficient' is never assigned to, and will always have its default value 0
1: Assets\Scripts\JointSnap.cs(10,21): warning CS0649: Field 'JointSnap.screenPoint' is never assigned to, and will always have its default value
2: Assets\Scripts\LimbSpring.cs(12,11): warning CS0649: Field 'LimbSpring.proportionToOriginalLength' is never assigned to, and will always have its default value 0
3: Assets\Scripts\LimbSpring.cs(8,11): warning CS0649: Field 'LimbSpring.kineticCoefficient' is never assigned to, and will always have its default value 0

- PDB to MDB conversion --------------------------------------

Process: C:\Users\farza\Documents\Unity Projects\COMP477-WebPage\CSharp60Support\Roslyn\pdb2mdb.exe
Arguments: Temp\Assembly-CSharp.dll
Exit code: 0
Elapsed time: 0.16 sec

- pdb2mdb.exe output (0 lines):
********************************************************************************
*                     Friday, December 02, 2016 3:05:51 PM                     *
********************************************************************************
CSharpCompilerWrapper.exe version: 1.10.0.0
Platform: Windows
Target assembly: Assembly-CSharp.dll
Project directory: C:\Users\farza\Documents\Unity Projects\COMP477-WebPage
Unity 'Data' or 'Frameworks' directory: C:/Program Files/Unity/Editor/Data
Compiler: Microsoft C# 6.0

- Compilation -----------------------------------------------

Process: C:\Users\farza\Documents\Unity Projects\COMP477-WebPage\CSharp60Support\Roslyn\csc.exe
Arguments: -nostdlib+ -noconfig -nologo -r:"C:/Program Files/Unity/Editor/Data\Mono/lib/mono/2.0/mscorlib.dll" -r:"C:/Program Files/Unity/Editor/Data\Mono/lib/mono/2.0/System.dll" -r:"C:/Program Files/Unity/Editor/Data\Mono/lib/mono/2.0/System.Core.dll" -r:"C:/Program Files/Unity/Editor/Data\Mono/lib/mono/2.0/System.Xml.dll" @Temp/UnityTempFile-dde28db23fe6e3b40b5c4f3b5c2e95dc
Exit code: 0
Elapsed time: 4.29 sec

- Compiler output (0 lines):

- Compiler errors (4 lines):
0: Assets\Scripts\LimbSpring.cs(8,11): warning CS0649: Field 'LimbSpring.kineticCoefficient' is never assigned to, and will always have its default value 0
1: Assets\Scripts\LimbSpring.cs(10,11): warning CS0649: Field 'LimbSpring.dampingCoefficient' is never assigned to, and will always have its default value 0
2: Assets\Scripts\JointSnap.cs(10,21): warning CS0649: Field 'JointSnap.screenPoint' is never assigned to, and will always have its default value
3: Assets\Scripts\LimbSpring.cs(12,11): warning CS0649: Field 'LimbSpring.proportionToOriginalLength' is never assigned to, and will always have its default value 0

- PDB to MDB conversion --------------------------------------

Process: C:\Users\farza\Documents\Unity Projects\COMP477-WebPage\CSharp60Support\Roslyn\pdb2mdb.exe
Arguments: Temp\Assembly-CSharp.dll
Exit code: 0
Elapsed time: 0.17 sec

- pdb2mdb.exe output (0 lines):
